1688021665037	geckodriver	INFO	Listening on 127.0.0.1:60249
1688021668571	mozrunner::runner	INFO	Running command: "C:\\Program Files\\Mozilla Firefox\\firefox.exe" "--marionette" "--remote-debugging-port" "60250" "--remote-allow-hosts" "localhost" "-no-remote" "-profile" "C:\\Users\\SF756~1.ROG\\AppData\\Local\\Temp\\rust_mozprofilezl8dzU"
console.error: JsonSchemaValidator.jsm: 
  Ignoring parameter "localhost" - not a valid origin.
console.warn: services.settings: Ignoring preference override of remote settings server
console.warn: services.settings: Allow by setting MOZ_REMOTE_SETTINGS_DEVTOOLS=1 in the environment
1688021674891	Marionette	INFO	Marionette enabled
Dynamically enable window occlusion 0
1688021674932	Marionette	INFO	Listening on port 60358
Read port: 60358
Read port: 60358
WebDriver BiDi listening on ws://127.0.0.1:60250
1688021676701	RemoteAgent	WARN	TLS certificate errors will be ignored for this session
console.error: Region.sys.mjs: "Error fetching region" (new Error("TIMEOUT", "resource://gre/modules/Region.sys.mjs", 762))
console.error: Region.sys.mjs: "Failed to fetch region" (new Error("TIMEOUT", "resource://gre/modules/Region.sys.mjs", 414))
DevTools listening on ws://127.0.0.1:60250/devtools/browser/6f430634-e57a-4c88-9b8b-19e5d8ee22e1
JavaScript error: , line 0: uncaught exception: undefined
JavaScript error: , line 0: uncaught exception: undefined
JavaScript error: , line 0: uncaught exception: undefined
JavaScript error: , line 0: uncaught exception: undefined
JavaScript error: , line 0: uncaught exception: undefined
JavaScript error: , line 0: uncaught exception: undefined
JavaScript error: , line 0: uncaught exception: undefined
JavaScript error: , line 0: uncaught exception: undefined
1688021712025	Marionette	INFO	Stopped listening on port 60358
Dynamically enable window occlusion 1
console.warn: services.settings: main/pioneer-study-addons-v1 sync interrupted by shutdown
console.warn: services.settings: main/top-sites sync interrupted by shutdown
console.warn: services.settings: main/doh-providers sync interrupted by shutdown
console.error: (new Error("IndexedDB: main/ms-language-packs getLastModified() IndexedDB:  execute() The application is shutting down", "resource://services-settings/IDBHelpers.jsm", 18))
